C:\Users\DELL\source\repos\homechef\homechef\HomeChefAngular\dist\out-tsc\src\app\shared\order.js
C:\Users\DELL\source\repos\homechef\homechef\HomeChefAngular\dist\out-tsc\src\app\shared\order.js.map
C:\Users\DELL\source\repos\homechef\homechef\HomeChefAngular\dist\out-tsc\src\app\shared\order.service.js
C:\Users\DELL\source\repos\homechef\homechef\HomeChefAngular\dist\out-tsc\src\app\shared\order.service.js.map
C:\Users\DELL\source\repos\homechef\homechef\HomeChefAngular\dist\out-tsc\src\app\createorder\createorder.component.js
C:\Users\DELL\source\repos\homechef\homechef\HomeChefAngular\dist\out-tsc\src\app\createorder\createorder.component.js.map
C:\Users\DELL\source\repos\homechef\homechef\HomeChefAngular\dist\out-tsc\src\app\createtable\createtable.component.js
C:\Users\DELL\source\repos\homechef\homechef\HomeChefAngular\dist\out-tsc\src\app\createtable\createtable.component.js.map
C:\Users\DELL\source\repos\homechef\homechef\HomeChefAngular\dist\out-tsc\src\app\login.js
C:\Users\DELL\source\repos\homechef\homechef\HomeChefAngular\dist\out-tsc\src\app\login.js.map
C:\Users\DELL\source\repos\homechef\homechef\HomeChefAngular\dist\out-tsc\src\app\login.service.js
C:\Users\DELL\source\repos\homechef\homechef\HomeChefAngular\dist\out-tsc\src\app\login.service.js.map
C:\Users\DELL\source\repos\homechef\homechef\HomeChefAngular\dist\out-tsc\src\app\home\home.component.js
C:\Users\DELL\source\repos\homechef\homechef\HomeChefAngular\dist\out-tsc\src\app\home\home.component.js.map
C:\Users\DELL\source\repos\homechef\homechef\HomeChefAngular\dist\out-tsc\src\app\chart\chart.component.js
C:\Users\DELL\source\repos\homechef\homechef\HomeChefAngular\dist\out-tsc\src\app\chart\chart.component.js.map
C:\Users\DELL\source\repos\homechef\homechef\HomeChefAngular\dist\out-tsc\src\app\disscussion\disscussion.component.js
C:\Users\DELL\source\repos\homechef\homechef\HomeChefAngular\dist\out-tsc\src\app\disscussion\disscussion.component.js.map
C:\Users\DELL\source\repos\homechef\homechef\HomeChefAngular\dist\out-tsc\src\app\earning-by-items\earning-by-items.component.js
C:\Users\DELL\source\repos\homechef\homechef\HomeChefAngular\dist\out-tsc\src\app\earning-by-items\earning-by-items.component.js.map
C:\Users\DELL\source\repos\homechef\homechef\HomeChefAngular\dist\out-tsc\src\app\customersreport\customersreport.component.js
C:\Users\DELL\source\repos\homechef\homechef\HomeChefAngular\dist\out-tsc\src\app\customersreport\customersreport.component.js.map
C:\Users\DELL\source\repos\homechef\homechef\HomeChefAngular\dist\out-tsc\src\app\user.service.js
C:\Users\DELL\source\repos\homechef\homechef\HomeChefAngular\dist\out-tsc\src\app\user.service.js.map
C:\Users\DELL\source\repos\homechef\homechef\HomeChefAngular\dist\out-tsc\src\app\user.guard.js
C:\Users\DELL\source\repos\homechef\homechef\HomeChefAngular\dist\out-tsc\src\app\user.guard.js.map
C:\Users\DELL\source\repos\homechef\homechef\HomeChefAngular\dist\out-tsc\src\app\alert.service.js
C:\Users\DELL\source\repos\homechef\homechef\HomeChefAngular\dist\out-tsc\src\app\alert.service.js.map
C:\Users\DELL\source\repos\homechef\homechef\HomeChefAngular\dist\out-tsc\src\app\login\login.component.js
C:\Users\DELL\source\repos\homechef\homechef\HomeChefAngular\dist\out-tsc\src\app\login\login.component.js.map
C:\Users\DELL\source\repos\homechef\homechef\HomeChefAngular\dist\out-tsc\src\app\shared\customer.js
C:\Users\DELL\source\repos\homechef\homechef\HomeChefAngular\dist\out-tsc\src\app\shared\customer.js.map
C:\Users\DELL\source\repos\homechef\homechef\HomeChefAngular\dist\out-tsc\src\app\shared\customer.service.js
C:\Users\DELL\source\repos\homechef\homechef\HomeChefAngular\dist\out-tsc\src\app\shared\customer.service.js.map
C:\Users\DELL\source\repos\homechef\homechef\HomeChefAngular\dist\out-tsc\src\app\customer\customerregistration\customerregistration.component.js
C:\Users\DELL\source\repos\homechef\homechef\HomeChefAngular\dist\out-tsc\src\app\customer\customerregistration\customerregistration.component.js.map
C:\Users\DELL\source\repos\homechef\homechef\HomeChefAngular\dist\out-tsc\src\app\logincustomer\logincustomer.component.js
C:\Users\DELL\source\repos\homechef\homechef\HomeChefAngular\dist\out-tsc\src\app\logincustomer\logincustomer.component.js.map
C:\Users\DELL\source\repos\homechef\homechef\HomeChefAngular\dist\out-tsc\src\app\shared\menue.js
C:\Users\DELL\source\repos\homechef\homechef\HomeChefAngular\dist\out-tsc\src\app\shared\menue.js.map
C:\Users\DELL\source\repos\homechef\homechef\HomeChefAngular\dist\out-tsc\src\app\shared\menue.service.js
C:\Users\DELL\source\repos\homechef\homechef\HomeChefAngular\dist\out-tsc\src\app\shared\menue.service.js.map
C:\Users\DELL\source\repos\homechef\homechef\HomeChefAngular\dist\out-tsc\src\app\ordernow\ordernow.component.js
C:\Users\DELL\source\repos\homechef\homechef\HomeChefAngular\dist\out-tsc\src\app\ordernow\ordernow.component.js.map
C:\Users\DELL\source\repos\homechef\homechef\HomeChefAngular\dist\out-tsc\src\app\yourorder\yourorder.component.js
C:\Users\DELL\source\repos\homechef\homechef\HomeChefAngular\dist\out-tsc\src\app\yourorder\yourorder.component.js.map
C:\Users\DELL\source\repos\homechef\homechef\HomeChefAngular\dist\out-tsc\src\app\shared\notification.js
C:\Users\DELL\source\repos\homechef\homechef\HomeChefAngular\dist\out-tsc\src\app\shared\notification.js.map
C:\Users\DELL\source\repos\homechef\homechef\HomeChefAngular\dist\out-tsc\src\app\notification\notification.component.js
C:\Users\DELL\source\repos\homechef\homechef\HomeChefAngular\dist\out-tsc\src\app\notification\notification.component.js.map
C:\Users\DELL\source\repos\homechef\homechef\HomeChefAngular\dist\out-tsc\src\app\notificationmodal\notificationmodal.component.js
C:\Users\DELL\source\repos\homechef\homechef\HomeChefAngular\dist\out-tsc\src\app\notificationmodal\notificationmodal.component.js.map
C:\Users\DELL\source\repos\homechef\homechef\HomeChefAngular\dist\out-tsc\src\app\app-routing.module.js
C:\Users\DELL\source\repos\homechef\homechef\HomeChefAngular\dist\out-tsc\src\app\app-routing.module.js.map
C:\Users\DELL\source\repos\homechef\homechef\HomeChefAngular\dist\out-tsc\src\app\app.component.js
C:\Users\DELL\source\repos\homechef\homechef\HomeChefAngular\dist\out-tsc\src\app\app.component.js.map
C:\Users\DELL\source\repos\homechef\homechef\HomeChefAngular\dist\out-tsc\src\app\navigation\navigation.component.js
C:\Users\DELL\source\repos\homechef\homechef\HomeChefAngular\dist\out-tsc\src\app\navigation\navigation.component.js.map
C:\Users\DELL\source\repos\homechef\homechef\HomeChefAngular\dist\out-tsc\src\app\menue\menue.component.js
C:\Users\DELL\source\repos\homechef\homechef\HomeChefAngular\dist\out-tsc\src\app\menue\menue.component.js.map
C:\Users\DELL\source\repos\homechef\homechef\HomeChefAngular\dist\out-tsc\src\app\shared\category.js
C:\Users\DELL\source\repos\homechef\homechef\HomeChefAngular\dist\out-tsc\src\app\shared\category.js.map
C:\Users\DELL\source\repos\homechef\homechef\HomeChefAngular\dist\out-tsc\src\app\shared\category.service.js
C:\Users\DELL\source\repos\homechef\homechef\HomeChefAngular\dist\out-tsc\src\app\shared\category.service.js.map
C:\Users\DELL\source\repos\homechef\homechef\HomeChefAngular\dist\out-tsc\src\app\category\category.component.js
C:\Users\DELL\source\repos\homechef\homechef\HomeChefAngular\dist\out-tsc\src\app\category\category.component.js.map
C:\Users\DELL\source\repos\homechef\homechef\HomeChefAngular\dist\out-tsc\src\app\vieworder\vieworder.component.js
C:\Users\DELL\source\repos\homechef\homechef\HomeChefAngular\dist\out-tsc\src\app\vieworder\vieworder.component.js.map
C:\Users\DELL\source\repos\homechef\homechef\HomeChefAngular\dist\out-tsc\src\app\viewcustomer\viewcustomer.component.js
C:\Users\DELL\source\repos\homechef\homechef\HomeChefAngular\dist\out-tsc\src\app\viewcustomer\viewcustomer.component.js.map
C:\Users\DELL\source\repos\homechef\homechef\HomeChefAngular\dist\out-tsc\src\app\orderamountchart\orderamountchart.component.js
C:\Users\DELL\source\repos\homechef\homechef\HomeChefAngular\dist\out-tsc\src\app\orderamountchart\orderamountchart.component.js.map
C:\Users\DELL\source\repos\homechef\homechef\HomeChefAngular\dist\out-tsc\src\app\incomeamountchart\incomeamountchart.component.js
C:\Users\DELL\source\repos\homechef\homechef\HomeChefAngular\dist\out-tsc\src\app\incomeamountchart\incomeamountchart.component.js.map
C:\Users\DELL\source\repos\homechef\homechef\HomeChefAngular\dist\out-tsc\src\app\menuedetailschart\menuedetailschart.component.js
C:\Users\DELL\source\repos\homechef\homechef\HomeChefAngular\dist\out-tsc\src\app\menuedetailschart\menuedetailschart.component.js.map
C:\Users\DELL\source\repos\homechef\homechef\HomeChefAngular\dist\out-tsc\src\app\shared\customerreview.js
C:\Users\DELL\source\repos\homechef\homechef\HomeChefAngular\dist\out-tsc\src\app\shared\customerreview.js.map
C:\Users\DELL\source\repos\homechef\homechef\HomeChefAngular\dist\out-tsc\src\app\shared\customerreview.service.js
C:\Users\DELL\source\repos\homechef\homechef\HomeChefAngular\dist\out-tsc\src\app\shared\customerreview.service.js.map
C:\Users\DELL\source\repos\homechef\homechef\HomeChefAngular\dist\out-tsc\src\app\customerreview\customerreview.component.js
C:\Users\DELL\source\repos\homechef\homechef\HomeChefAngular\dist\out-tsc\src\app\customerreview\customerreview.component.js.map
C:\Users\DELL\source\repos\homechef\homechef\HomeChefAngular\dist\out-tsc\src\app\app.module.js
C:\Users\DELL\source\repos\homechef\homechef\HomeChefAngular\dist\out-tsc\src\app\app.module.js.map
C:\Users\DELL\source\repos\homechef\homechef\HomeChefAngular\dist\out-tsc\src\environments\environment.js
C:\Users\DELL\source\repos\homechef\homechef\HomeChefAngular\dist\out-tsc\src\environments\environment.js.map
C:\Users\DELL\source\repos\homechef\homechef\HomeChefAngular\dist\out-tsc\src\main.js
C:\Users\DELL\source\repos\homechef\homechef\HomeChefAngular\dist\out-tsc\src\main.js.map
C:\Users\DELL\source\repos\homechef\homechef\HomeChefAngular\dist\out-tsc\src\polyfills.js
C:\Users\DELL\source\repos\homechef\homechef\HomeChefAngular\dist\out-tsc\src\polyfills.js.map
C:\Users\DELL\source\repos\homechef\homechef\HomeChefAngular\dist\out-tsc\src\test.js
C:\Users\DELL\source\repos\homechef\homechef\HomeChefAngular\dist\out-tsc\src\test.js.map
C:\Users\DELL\source\repos\homechef\homechef\HomeChefAngular\dist\out-tsc\e2e\src\app.po.js
C:\Users\DELL\source\repos\homechef\homechef\HomeChefAngular\dist\out-tsc\e2e\src\app.po.js.map
C:\Users\DELL\source\repos\homechef\homechef\HomeChefAngular\dist\out-tsc\e2e\src\app.e2e-spec.js
C:\Users\DELL\source\repos\homechef\homechef\HomeChefAngular\dist\out-tsc\e2e\src\app.e2e-spec.js.map
C:\Users\DELL\source\repos\homechef\homechef\HomeChefAngular\dist\out-tsc\src\app\alert.service.spec.js
C:\Users\DELL\source\repos\homechef\homechef\HomeChefAngular\dist\out-tsc\src\app\alert.service.spec.js.map
C:\Users\DELL\source\repos\homechef\homechef\HomeChefAngular\dist\out-tsc\src\app\app.component.spec.js
C:\Users\DELL\source\repos\homechef\homechef\HomeChefAngular\dist\out-tsc\src\app\app.component.spec.js.map
C:\Users\DELL\source\repos\homechef\homechef\HomeChefAngular\dist\out-tsc\src\app\login.service.spec.js
C:\Users\DELL\source\repos\homechef\homechef\HomeChefAngular\dist\out-tsc\src\app\login.service.spec.js.map
C:\Users\DELL\source\repos\homechef\homechef\HomeChefAngular\dist\out-tsc\src\app\login.spec.js
C:\Users\DELL\source\repos\homechef\homechef\HomeChefAngular\dist\out-tsc\src\app\login.spec.js.map
C:\Users\DELL\source\repos\homechef\homechef\HomeChefAngular\dist\out-tsc\src\app\user.guard.spec.js
C:\Users\DELL\source\repos\homechef\homechef\HomeChefAngular\dist\out-tsc\src\app\user.guard.spec.js.map
C:\Users\DELL\source\repos\homechef\homechef\HomeChefAngular\dist\out-tsc\src\app\user.service.spec.js
C:\Users\DELL\source\repos\homechef\homechef\HomeChefAngular\dist\out-tsc\src\app\user.service.spec.js.map
C:\Users\DELL\source\repos\homechef\homechef\HomeChefAngular\dist\out-tsc\src\environments\environment.prod.js
C:\Users\DELL\source\repos\homechef\homechef\HomeChefAngular\dist\out-tsc\src\environments\environment.prod.js.map
C:\Users\DELL\source\repos\homechef\homechef\HomeChefAngular\dist\out-tsc\src\app\chart\chart.component.spec.js
C:\Users\DELL\source\repos\homechef\homechef\HomeChefAngular\dist\out-tsc\src\app\chart\chart.component.spec.js.map
C:\Users\DELL\source\repos\homechef\homechef\HomeChefAngular\dist\out-tsc\src\app\customerreview\customerreview.component.spec.js
C:\Users\DELL\source\repos\homechef\homechef\HomeChefAngular\dist\out-tsc\src\app\customerreview\customerreview.component.spec.js.map
C:\Users\DELL\source\repos\homechef\homechef\HomeChefAngular\dist\out-tsc\src\app\customersreport\customersreport.component.spec.js
C:\Users\DELL\source\repos\homechef\homechef\HomeChefAngular\dist\out-tsc\src\app\customersreport\customersreport.component.spec.js.map
C:\Users\DELL\source\repos\homechef\homechef\HomeChefAngular\dist\out-tsc\src\app\earning-by-items\earning-by-items.component.spec.js
C:\Users\DELL\source\repos\homechef\homechef\HomeChefAngular\dist\out-tsc\src\app\earning-by-items\earning-by-items.component.spec.js.map
C:\Users\DELL\source\repos\homechef\homechef\HomeChefAngular\dist\out-tsc\src\app\login\login.component.spec.js
C:\Users\DELL\source\repos\homechef\homechef\HomeChefAngular\dist\out-tsc\src\app\login\login.component.spec.js.map
C:\Users\DELL\source\repos\homechef\homechef\HomeChefAngular\dist\out-tsc\src\app\logincustomer\logincustomer.component.spec.js
C:\Users\DELL\source\repos\homechef\homechef\HomeChefAngular\dist\out-tsc\src\app\logincustomer\logincustomer.component.spec.js.map
C:\Users\DELL\source\repos\homechef\homechef\HomeChefAngular\dist\out-tsc\src\app\menuedetailschart\menuedetailschart.component.spec.js
C:\Users\DELL\source\repos\homechef\homechef\HomeChefAngular\dist\out-tsc\src\app\menuedetailschart\menuedetailschart.component.spec.js.map
C:\Users\DELL\source\repos\homechef\homechef\HomeChefAngular\dist\out-tsc\src\app\notification\notification.component.spec.js
C:\Users\DELL\source\repos\homechef\homechef\HomeChefAngular\dist\out-tsc\src\app\notification\notification.component.spec.js.map
C:\Users\DELL\source\repos\homechef\homechef\HomeChefAngular\dist\out-tsc\src\app\notificationmodal\notificationmodal.component.spec.js
C:\Users\DELL\source\repos\homechef\homechef\HomeChefAngular\dist\out-tsc\src\app\notificationmodal\notificationmodal.component.spec.js.map
C:\Users\DELL\source\repos\homechef\homechef\HomeChefAngular\dist\out-tsc\src\app\ordernow\ordernow.component.spec.js
C:\Users\DELL\source\repos\homechef\homechef\HomeChefAngular\dist\out-tsc\src\app\ordernow\ordernow.component.spec.js.map
C:\Users\DELL\source\repos\homechef\homechef\HomeChefAngular\dist\out-tsc\src\app\shared\order.spec.js
C:\Users\DELL\source\repos\homechef\homechef\HomeChefAngular\dist\out-tsc\src\app\shared\order.spec.js.map
C:\Users\DELL\source\repos\homechef\homechef\HomeChefAngular\dist\out-tsc\src\app\viewcustomer\viewcustomer.component.spec.js
C:\Users\DELL\source\repos\homechef\homechef\HomeChefAngular\dist\out-tsc\src\app\viewcustomer\viewcustomer.component.spec.js.map
C:\Users\DELL\source\repos\homechef\homechef\HomeChefAngular\dist\out-tsc\src\app\vieworder\vieworder.component.spec.js
C:\Users\DELL\source\repos\homechef\homechef\HomeChefAngular\dist\out-tsc\src\app\vieworder\vieworder.component.spec.js.map
C:\Users\DELL\source\repos\homechef\homechef\HomeChefAngular\dist\out-tsc\src\app\yourorder\yourorder.component.spec.js
C:\Users\DELL\source\repos\homechef\homechef\HomeChefAngular\dist\out-tsc\src\app\yourorder\yourorder.component.spec.js.map
C:\Users\DELL\source\repos\homechef\homechef\HomeChefAngular\dist\out-tsc\src\app\customer\customerregistration\customerregistration.component.spec.js
C:\Users\DELL\source\repos\homechef\homechef\HomeChefAngular\dist\out-tsc\src\app\customer\customerregistration\customerregistration.component.spec.js.map
